<?xml version="1.0" encoding="UTF-8"?>
<testsuite name="com.gachon.fishbowl.FishbowlApplicationTests" tests="1" skipped="0" failures="0" errors="0" timestamp="2022-12-04T17:32:29" hostname="jangjungwoo-MacBookPro.local" time="0.347">
  <properties/>
  <testcase name="contextLoads()" classname="com.gachon.fishbowl.FishbowlApplicationTests" time="0.347"/>
  <system-out><![CDATA[02:32:21.767 [Test worker] DEBUG org.springframework.test.context.BootstrapUtils - Instantiating CacheAwareContextLoaderDelegate from class [org.springframework.test.context.cache.DefaultCacheAwareContextLoaderDelegate]
02:32:21.776 [Test worker] DEBUG org.springframework.test.context.BootstrapUtils - Instantiating BootstrapContext using constructor [public org.springframework.test.context.support.DefaultBootstrapContext(java.lang.Class,org.springframework.test.context.CacheAwareContextLoaderDelegate)]
02:32:21.821 [Test worker] DEBUG org.springframework.test.context.BootstrapUtils - Instantiating TestContextBootstrapper for test class [com.gachon.fishbowl.FishbowlApplicationTests] from class [org.springframework.boot.test.context.SpringBootTestContextBootstrapper]
02:32:21.833 [Test worker] INFO org.springframework.boot.test.context.SpringBootTestContextBootstrapper - Neither @ContextConfiguration nor @ContextHierarchy found for test class [com.gachon.fishbowl.FishbowlApplicationTests], using SpringBootContextLoader
02:32:21.838 [Test worker] DEBUG org.springframework.test.context.support.AbstractContextLoader - Did not detect default resource location for test class [com.gachon.fishbowl.FishbowlApplicationTests]: class path resource [com/gachon/fishbowl/FishbowlApplicationTests-context.xml] does not exist
02:32:21.839 [Test worker] DEBUG org.springframework.test.context.support.AbstractContextLoader - Did not detect default resource location for test class [com.gachon.fishbowl.FishbowlApplicationTests]: class path resource [com/gachon/fishbowl/FishbowlApplicationTestsContext.groovy] does not exist
02:32:21.839 [Test worker] INFO org.springframework.test.context.support.AbstractContextLoader - Could not detect default resource locations for test class [com.gachon.fishbowl.FishbowlApplicationTests]: no resource found for suffixes {-context.xml, Context.groovy}.
02:32:21.839 [Test worker] INFO org.springframework.test.context.support.AnnotationConfigContextLoaderUtils - Could not detect default configuration classes for test class [com.gachon.fishbowl.FishbowlApplicationTests]: FishbowlApplicationTests does not declare any static, non-private, non-final, nested classes annotated with @Configuration.
02:32:21.898 [Test worker] DEBUG org.springframework.test.context.support.ActiveProfilesUtils - Could not find an 'annotation declaring class' for annotation type [org.springframework.test.context.ActiveProfiles] and class [com.gachon.fishbowl.FishbowlApplicationTests]
02:32:21.977 [Test worker] DEBUG org.springframework.context.annotation.ClassPathScanningCandidateComponentProvider - Identified candidate component class: file [/Users/jw1010110/SmartFishBowl/SERVER/fishbowl/build/classes/java/main/com/gachon/fishbowl/FishbowlApplication.class]
02:32:21.980 [Test worker] INFO org.springframework.boot.test.context.SpringBootTestContextBootstrapper - Found @SpringBootConfiguration com.gachon.fishbowl.FishbowlApplication for test class com.gachon.fishbowl.FishbowlApplicationTests
02:32:22.085 [Test worker] DEBUG org.springframework.boot.test.context.SpringBootTestContextBootstrapper - @TestExecutionListeners is not present for class [com.gachon.fishbowl.FishbowlApplicationTests]: using defaults.
02:32:22.085 [Test worker] INFO org.springframework.boot.test.context.SpringBootTestContextBootstrapper - Loaded default TestExecutionListener class names from location [META-INF/spring.factories]: [org.springframework.security.test.context.support.WithSecurityContextTestExecutionListener, org.springframework.security.test.context.support.ReactorContextTestExecutionListener, org.springframework.boot.test.autoconfigure.restdocs.RestDocsTestExecutionListener, org.springframework.boot.test.autoconfigure.web.client.MockRestServiceServerResetTestExecutionListener, org.springframework.boot.test.autoconfigure.web.servlet.MockMvcPrintOnlyOnFailureTestExecutionListener, org.springframework.boot.test.autoconfigure.web.servlet.WebDriverTestExecutionListener, org.springframework.boot.test.autoconfigure.webservices.client.MockWebServiceServerTestExecutionListener, org.springframework.boot.test.mock.mockito.MockitoTestExecutionListener, org.springframework.boot.test.mock.mockito.ResetMocksTestExecutionListener, org.springframework.test.context.web.ServletTestExecutionListener, org.springframework.test.context.support.DirtiesContextBeforeModesTestExecutionListener, org.springframework.test.context.event.ApplicationEventsTestExecutionListener, org.springframework.test.context.support.DependencyInjectionTestExecutionListener, org.springframework.test.context.support.DirtiesContextTestExecutionListener, org.springframework.test.context.transaction.TransactionalTestExecutionListener, org.springframework.test.context.jdbc.SqlScriptsTestExecutionListener, org.springframework.test.context.event.EventPublishingTestExecutionListener]
02:32:22.100 [Test worker] INFO org.springframework.boot.test.context.SpringBootTestContextBootstrapper - Using TestExecutionListeners: [org.springframework.test.context.web.ServletTestExecutionListener@54336c81, org.springframework.test.context.support.DirtiesContextBeforeModesTestExecutionListener@1556f2dd, org.springframework.test.context.event.ApplicationEventsTestExecutionListener@35e52059, org.springframework.boot.test.mock.mockito.MockitoTestExecutionListener@62577d6, org.springframework.boot.test.autoconfigure.SpringBootDependencyInjectionTestExecutionListener@49bd54f7, org.springframework.test.context.support.DirtiesContextTestExecutionListener@6b5f8707, org.springframework.test.context.transaction.TransactionalTestExecutionListener@772485dd, org.springframework.test.context.jdbc.SqlScriptsTestExecutionListener@5a12c728, org.springframework.security.test.context.support.WithSecurityContextTestExecutionListener@79ab3a71, org.springframework.test.context.event.EventPublishingTestExecutionListener@6e5bfdfc, org.springframework.security.test.context.support.ReactorContextTestExecutionListener@3d829787, org.springframework.boot.test.autoconfigure.restdocs.RestDocsTestExecutionListener@71652c98, org.springframework.boot.test.autoconfigure.web.client.MockRestServiceServerResetTestExecutionListener@51bde877, org.springframework.boot.test.autoconfigure.web.servlet.MockMvcPrintOnlyOnFailureTestExecutionListener@60b85ba1, org.springframework.boot.test.autoconfigure.web.servlet.WebDriverTestExecutionListener@492fc69e, org.springframework.boot.test.autoconfigure.webservices.client.MockWebServiceServerTestExecutionListener@117632cf, org.springframework.boot.test.mock.mockito.ResetMocksTestExecutionListener@2fb68ec6]
02:32:22.105 [Test worker] DEBUG org.springframework.test.context.support.AbstractDirtiesContextTestExecutionListener - Before test class: context [DefaultTestContext@3fcdcf testClass = FishbowlApplicationTests, testInstance = [null], testMethod = [null], testException = [null], mergedContextConfiguration = [WebMergedContextConfiguration@7668d560 testClass = FishbowlApplicationTests, locations = '{}', classes = '{class com.gachon.fishbowl.FishbowlApplication}', contextInitializerClasses = '[]', activeProfiles = '{}', propertySourceLocations = '{}', propertySourceProperties = '{org.springframework.boot.test.context.SpringBootTestContextBootstrapper=true}', contextCustomizers = set[org.springframework.boot.test.autoconfigure.actuate.metrics.MetricsExportContextCustomizerFactory$DisableMetricExportContextCustomizer@3b956878, org.springframework.boot.test.autoconfigure.properties.PropertyMappingContextCustomizer@0, org.springframework.boot.test.autoconfigure.web.servlet.WebDriverContextCustomizerFactory$Customizer@1eb6749b, org.springframework.boot.test.context.filter.ExcludeFilterContextCustomizer@30f5a68a, org.springframework.boot.test.json.DuplicateJsonObjectContextCustomizerFactory$DuplicateJsonObjectContextCustomizer@24d4d7c9, org.springframework.boot.test.mock.mockito.MockitoContextCustomizer@0, org.springframework.boot.test.web.client.TestRestTemplateContextCustomizer@3f363cf5, org.springframework.boot.test.context.SpringBootTestArgs@1, org.springframework.boot.test.context.SpringBootTestWebEnvironment@6a57ae10], resourceBasePath = 'src/main/webapp', contextLoader = 'org.springframework.boot.test.context.SpringBootContextLoader', parent = [null]], attributes = map['org.springframework.test.context.web.ServletTestExecutionListener.activateListener' -> true]], class annotated with @DirtiesContext [false] with mode [null].

  .   ____          _            __ _ _
 /\\ / ___'_ __ _ _(_)_ __  __ _ \ \ \ \
( ( )\___ | '_ | '_| | '_ \/ _` | \ \ \ \
 \\/  ___)| |_)| | | | | || (_| |  ) ) ) )
  '  |____| .__|_| |_|_| |_\__, | / / / /
 =========|_|==============|___/=/_/_/_/
 :: Spring Boot ::                (v2.7.5)

2022-12-05 02:32:22.743  WARN 59288 --- [    Test worker] ory$DuplicateJsonObjectContextCustomizer : 

Found multiple occurrences of org.json.JSONObject on the class path:

	jar:file:/Users/jw1010110/.gradle/caches/modules-2/files-2.1/org.json/json/20190722/7bce7bacf0ab5e9f894d307a3de8b7f540064d5/json-20190722.jar!/org/json/JSONObject.class
	jar:file:/Users/jw1010110/.gradle/caches/modules-2/files-2.1/com.vaadin.external.google/android-json/0.0.20131108.vaadin1/fa26d351fe62a6a17f5cda1287c1c6110dec413f/android-json-0.0.20131108.vaadin1.jar!/org/json/JSONObject.class

You may wish to exclude one of them to ensure predictable runtime behavior

2022-12-05 02:32:22.783  INFO 59288 --- [    Test worker] c.g.fishbowl.FishbowlApplicationTests    : Starting FishbowlApplicationTests using Java 11.0.15.1 on jangjungwoo-MacBookPro.local with PID 59288 (started by jw1010110 in /Users/jw1010110/SmartFishBowl/SERVER/fishbowl)
2022-12-05 02:32:22.785  INFO 59288 --- [    Test worker] c.g.fishbowl.FishbowlApplicationTests    : No active profile set, falling back to 1 default profile: "default"
2022-12-05 02:32:24.333  INFO 59288 --- [    Test worker] .s.d.r.c.RepositoryConfigurationDelegate : Bootstrapping Spring Data JPA repositories in DEFAULT mode.
2022-12-05 02:32:24.444  INFO 59288 --- [    Test worker] .s.d.r.c.RepositoryConfigurationDelegate : Finished Spring Data repository scanning in 102 ms. Found 6 JPA repository interfaces.
2022-12-05 02:32:25.452  INFO 59288 --- [    Test worker] com.zaxxer.hikari.HikariDataSource       : HikariPool-1 - Starting...
2022-12-05 02:32:25.557  INFO 59288 --- [    Test worker] com.zaxxer.hikari.HikariDataSource       : HikariPool-1 - Start completed.
2022-12-05 02:32:25.677  INFO 59288 --- [    Test worker] o.hibernate.jpa.internal.util.LogHelper  : HHH000204: Processing PersistenceUnitInfo [name: default]
2022-12-05 02:32:25.738  INFO 59288 --- [    Test worker] org.hibernate.Version                    : HHH000412: Hibernate ORM core version 5.6.12.Final
2022-12-05 02:32:25.918  INFO 59288 --- [    Test worker] o.hibernate.annotations.common.Version   : HCANN000001: Hibernate Commons Annotations {5.1.2.Final}
2022-12-05 02:32:26.066  INFO 59288 --- [    Test worker] org.hibernate.dialect.Dialect            : HHH000400: Using dialect: org.hibernate.dialect.H2Dialect
2022-12-05 02:32:26.871  INFO 59288 --- [    Test worker] o.h.e.t.j.p.i.JtaPlatformInitiator       : HHH000490: Using JtaPlatform implementation: [org.hibernate.engine.transaction.jta.platform.internal.NoJtaPlatform]
2022-12-05 02:32:26.882  INFO 59288 --- [    Test worker] j.LocalContainerEntityManagerFactoryBean : Initialized JPA EntityManagerFactory for persistence unit 'default'
2022-12-05 02:32:28.065  WARN 59288 --- [    Test worker] .s.s.UserDetailsServiceAutoConfiguration : 

Using generated security password: c67df585-27b9-47d6-9dcc-582dd6ed2caa

This generated password is for development use only. Your security configuration must be updated before running your application in production.

2022-12-05 02:32:28.223  WARN 59288 --- [    Test worker] JpaBaseConfiguration$JpaWebConfiguration : spring.jpa.open-in-view is enabled by default. Therefore, database queries may be performed during view rendering. Explicitly configure spring.jpa.open-in-view to disable this warning
2022-12-05 02:32:29.151  INFO 59288 --- [    Test worker] o.s.s.web.DefaultSecurityFilterChain     : Will secure any request with [org.springframework.security.web.session.DisableEncodeUrlFilter@1fe2c5ad, org.springframework.security.web.context.request.async.WebAsyncManagerIntegrationFilter@6334c0d8, org.springframework.security.web.context.SecurityContextPersistenceFilter@136690b1, org.springframework.security.web.header.HeaderWriterFilter@1acfc058, org.springframework.security.web.authentication.logout.LogoutFilter@260f05ee, com.gachon.fishbowl.jwt.JwtFilter@74ed3be4, org.springframework.security.web.savedrequest.RequestCacheAwareFilter@be186df, org.springframework.security.web.servletapi.SecurityContextHolderAwareRequestFilter@2c257c0a, org.springframework.security.web.authentication.AnonymousAuthenticationFilter@48224381, org.springframework.security.web.session.SessionManagementFilter@6e349258, org.springframework.security.web.access.ExceptionTranslationFilter@757f47f0, org.springframework.security.web.access.intercept.FilterSecurityInterceptor@3cc548f6]
2022-12-05 02:32:29.947  INFO 59288 --- [    Test worker] c.g.fishbowl.FishbowlApplicationTests    : Started FishbowlApplicationTests in 7.711 seconds (JVM running for 9.522)
2022-12-05 02:32:30.230 DEBUG 59288 --- [    Test worker] org.hibernate.SQL                        : 
    select
        deviceid0_.device_id as device_i1_0_0_ 
    from
        device_id deviceid0_ 
    where
        deviceid0_.device_id=?
Hibernate: 
    select
        deviceid0_.device_id as device_i1_0_0_ 
    from
        device_id deviceid0_ 
    where
        deviceid0_.device_id=?
2022-12-05 02:32:30.245 TRACE 59288 --- [    Test worker] o.h.type.descriptor.sql.BasicBinder      : binding parameter [1] as [BIGINT] - [123]
]]></system-out>
  <system-err><![CDATA[]]></system-err>
</testsuite>
