<?xml version="1.0" encoding="UTF-8"?>
<testsuite name="com.gachon.fishbowl.FishbowlApplicationTests" tests="1" skipped="0" failures="0" errors="0" timestamp="2022-11-25T13:00:15" hostname="jangjungwoo-MacBookPro.local" time="0.178">
  <properties/>
  <testcase name="contextLoads()" classname="com.gachon.fishbowl.FishbowlApplicationTests" time="0.178"/>
  <system-out><![CDATA[22:00:06.495 [Test worker] DEBUG org.springframework.test.context.BootstrapUtils - Instantiating CacheAwareContextLoaderDelegate from class [org.springframework.test.context.cache.DefaultCacheAwareContextLoaderDelegate]
22:00:06.507 [Test worker] DEBUG org.springframework.test.context.BootstrapUtils - Instantiating BootstrapContext using constructor [public org.springframework.test.context.support.DefaultBootstrapContext(java.lang.Class,org.springframework.test.context.CacheAwareContextLoaderDelegate)]
22:00:06.600 [Test worker] DEBUG org.springframework.test.context.BootstrapUtils - Instantiating TestContextBootstrapper for test class [com.gachon.fishbowl.FishbowlApplicationTests] from class [org.springframework.boot.test.context.SpringBootTestContextBootstrapper]
22:00:06.612 [Test worker] INFO org.springframework.boot.test.context.SpringBootTestContextBootstrapper - Neither @ContextConfiguration nor @ContextHierarchy found for test class [com.gachon.fishbowl.FishbowlApplicationTests], using SpringBootContextLoader
22:00:06.617 [Test worker] DEBUG org.springframework.test.context.support.AbstractContextLoader - Did not detect default resource location for test class [com.gachon.fishbowl.FishbowlApplicationTests]: class path resource [com/gachon/fishbowl/FishbowlApplicationTests-context.xml] does not exist
22:00:06.618 [Test worker] DEBUG org.springframework.test.context.support.AbstractContextLoader - Did not detect default resource location for test class [com.gachon.fishbowl.FishbowlApplicationTests]: class path resource [com/gachon/fishbowl/FishbowlApplicationTestsContext.groovy] does not exist
22:00:06.618 [Test worker] INFO org.springframework.test.context.support.AbstractContextLoader - Could not detect default resource locations for test class [com.gachon.fishbowl.FishbowlApplicationTests]: no resource found for suffixes {-context.xml, Context.groovy}.
22:00:06.618 [Test worker] INFO org.springframework.test.context.support.AnnotationConfigContextLoaderUtils - Could not detect default configuration classes for test class [com.gachon.fishbowl.FishbowlApplicationTests]: FishbowlApplicationTests does not declare any static, non-private, non-final, nested classes annotated with @Configuration.
22:00:06.673 [Test worker] DEBUG org.springframework.test.context.support.ActiveProfilesUtils - Could not find an 'annotation declaring class' for annotation type [org.springframework.test.context.ActiveProfiles] and class [com.gachon.fishbowl.FishbowlApplicationTests]
22:00:06.747 [Test worker] DEBUG org.springframework.context.annotation.ClassPathScanningCandidateComponentProvider - Identified candidate component class: file [/Users/jw1010110/SmartFishBowl/SERVER/fishbowl/build/classes/java/main/com/gachon/fishbowl/FishbowlApplication.class]
22:00:06.749 [Test worker] INFO org.springframework.boot.test.context.SpringBootTestContextBootstrapper - Found @SpringBootConfiguration com.gachon.fishbowl.FishbowlApplication for test class com.gachon.fishbowl.FishbowlApplicationTests
22:00:06.856 [Test worker] DEBUG org.springframework.boot.test.context.SpringBootTestContextBootstrapper - @TestExecutionListeners is not present for class [com.gachon.fishbowl.FishbowlApplicationTests]: using defaults.
22:00:06.857 [Test worker] INFO org.springframework.boot.test.context.SpringBootTestContextBootstrapper - Loaded default TestExecutionListener class names from location [META-INF/spring.factories]: [org.springframework.security.test.context.support.WithSecurityContextTestExecutionListener, org.springframework.security.test.context.support.ReactorContextTestExecutionListener, org.springframework.boot.test.autoconfigure.restdocs.RestDocsTestExecutionListener, org.springframework.boot.test.autoconfigure.web.client.MockRestServiceServerResetTestExecutionListener, org.springframework.boot.test.autoconfigure.web.servlet.MockMvcPrintOnlyOnFailureTestExecutionListener, org.springframework.boot.test.autoconfigure.web.servlet.WebDriverTestExecutionListener, org.springframework.boot.test.autoconfigure.webservices.client.MockWebServiceServerTestExecutionListener, org.springframework.boot.test.mock.mockito.MockitoTestExecutionListener, org.springframework.boot.test.mock.mockito.ResetMocksTestExecutionListener, org.springframework.test.context.web.ServletTestExecutionListener, org.springframework.test.context.support.DirtiesContextBeforeModesTestExecutionListener, org.springframework.test.context.event.ApplicationEventsTestExecutionListener, org.springframework.test.context.support.DependencyInjectionTestExecutionListener, org.springframework.test.context.support.DirtiesContextTestExecutionListener, org.springframework.test.context.transaction.TransactionalTestExecutionListener, org.springframework.test.context.jdbc.SqlScriptsTestExecutionListener, org.springframework.test.context.event.EventPublishingTestExecutionListener]
22:00:06.871 [Test worker] INFO org.springframework.boot.test.context.SpringBootTestContextBootstrapper - Using TestExecutionListeners: [org.springframework.test.context.web.ServletTestExecutionListener@3dddbe65, org.springframework.test.context.support.DirtiesContextBeforeModesTestExecutionListener@49a64d82, org.springframework.test.context.event.ApplicationEventsTestExecutionListener@344561e0, org.springframework.boot.test.mock.mockito.MockitoTestExecutionListener@66d23e4a, org.springframework.boot.test.autoconfigure.SpringBootDependencyInjectionTestExecutionListener@36ac8a63, org.springframework.test.context.support.DirtiesContextTestExecutionListener@4d9d1b69, org.springframework.test.context.transaction.TransactionalTestExecutionListener@52c8295b, org.springframework.test.context.jdbc.SqlScriptsTestExecutionListener@251f7d26, org.springframework.security.test.context.support.WithSecurityContextTestExecutionListener@77b21474, org.springframework.test.context.event.EventPublishingTestExecutionListener@52d10fb8, org.springframework.security.test.context.support.ReactorContextTestExecutionListener@41c07648, org.springframework.boot.test.autoconfigure.restdocs.RestDocsTestExecutionListener@1fe8d51b, org.springframework.boot.test.autoconfigure.web.client.MockRestServiceServerResetTestExecutionListener@781e7326, org.springframework.boot.test.autoconfigure.web.servlet.MockMvcPrintOnlyOnFailureTestExecutionListener@22680f52, org.springframework.boot.test.autoconfigure.web.servlet.WebDriverTestExecutionListener@60d84f61, org.springframework.boot.test.autoconfigure.webservices.client.MockWebServiceServerTestExecutionListener@39c11e6c, org.springframework.boot.test.mock.mockito.ResetMocksTestExecutionListener@324dcd31]
22:00:06.874 [Test worker] DEBUG org.springframework.test.context.support.AbstractDirtiesContextTestExecutionListener - Before test class: context [DefaultTestContext@547e29a4 testClass = FishbowlApplicationTests, testInstance = [null], testMethod = [null], testException = [null], mergedContextConfiguration = [WebMergedContextConfiguration@1c807b1d testClass = FishbowlApplicationTests, locations = '{}', classes = '{class com.gachon.fishbowl.FishbowlApplication}', contextInitializerClasses = '[]', activeProfiles = '{}', propertySourceLocations = '{}', propertySourceProperties = '{org.springframework.boot.test.context.SpringBootTestContextBootstrapper=true}', contextCustomizers = set[org.springframework.boot.test.autoconfigure.actuate.metrics.MetricsExportContextCustomizerFactory$DisableMetricExportContextCustomizer@39ad977d, org.springframework.boot.test.autoconfigure.properties.PropertyMappingContextCustomizer@0, org.springframework.boot.test.autoconfigure.web.servlet.WebDriverContextCustomizerFactory$Customizer@665df3c6, org.springframework.boot.test.context.filter.ExcludeFilterContextCustomizer@5c00384f, org.springframework.boot.test.json.DuplicateJsonObjectContextCustomizerFactory$DuplicateJsonObjectContextCustomizer@7b8233cd, org.springframework.boot.test.mock.mockito.MockitoContextCustomizer@0, org.springframework.boot.test.web.client.TestRestTemplateContextCustomizer@16746061, org.springframework.boot.test.context.SpringBootTestArgs@1, org.springframework.boot.test.context.SpringBootTestWebEnvironment@4e0ae11f], resourceBasePath = 'src/main/webapp', contextLoader = 'org.springframework.boot.test.context.SpringBootContextLoader', parent = [null]], attributes = map['org.springframework.test.context.web.ServletTestExecutionListener.activateListener' -> true]], class annotated with @DirtiesContext [false] with mode [null].

  .   ____          _            __ _ _
 /\\ / ___'_ __ _ _(_)_ __  __ _ \ \ \ \
( ( )\___ | '_ | '_| | '_ \/ _` | \ \ \ \
 \\/  ___)| |_)| | | | | || (_| |  ) ) ) )
  '  |____| .__|_| |_|_| |_\__, | / / / /
 =========|_|==============|___/=/_/_/_/
 :: Spring Boot ::                (v2.7.5)

2022-11-25 22:00:07.518  INFO 16892 --- [    Test worker] c.g.fishbowl.FishbowlApplicationTests    : Starting FishbowlApplicationTests using Java 11.0.15.1 on jangjungwoo-MacBookPro.local with PID 16892 (started by jw1010110 in /Users/jw1010110/SmartFishBowl/SERVER/fishbowl)
2022-11-25 22:00:07.522  INFO 16892 --- [    Test worker] c.g.fishbowl.FishbowlApplicationTests    : The following 1 profile is active: "oauth"
2022-11-25 22:00:09.024  INFO 16892 --- [    Test worker] .s.d.r.c.RepositoryConfigurationDelegate : Bootstrapping Spring Data JPA repositories in DEFAULT mode.
2022-11-25 22:00:09.140  INFO 16892 --- [    Test worker] .s.d.r.c.RepositoryConfigurationDelegate : Finished Spring Data repository scanning in 108 ms. Found 6 JPA repository interfaces.
2022-11-25 22:00:10.293  INFO 16892 --- [    Test worker] com.zaxxer.hikari.HikariDataSource       : HikariPool-1 - Starting...
2022-11-25 22:00:10.458  INFO 16892 --- [    Test worker] com.zaxxer.hikari.HikariDataSource       : HikariPool-1 - Start completed.
2022-11-25 22:00:10.592  INFO 16892 --- [    Test worker] o.hibernate.jpa.internal.util.LogHelper  : HHH000204: Processing PersistenceUnitInfo [name: default]
2022-11-25 22:00:10.661  INFO 16892 --- [    Test worker] org.hibernate.Version                    : HHH000412: Hibernate ORM core version 5.6.12.Final
2022-11-25 22:00:10.883  INFO 16892 --- [    Test worker] o.hibernate.annotations.common.Version   : HCANN000001: Hibernate Commons Annotations {5.1.2.Final}
2022-11-25 22:00:11.018  INFO 16892 --- [    Test worker] org.hibernate.dialect.Dialect            : HHH000400: Using dialect: org.hibernate.dialect.H2Dialect
2022-11-25 22:00:11.785  INFO 16892 --- [    Test worker] o.h.e.t.j.p.i.JtaPlatformInitiator       : HHH000490: Using JtaPlatform implementation: [org.hibernate.engine.transaction.jta.platform.internal.NoJtaPlatform]
2022-11-25 22:00:11.792  INFO 16892 --- [    Test worker] j.LocalContainerEntityManagerFactoryBean : Initialized JPA EntityManagerFactory for persistence unit 'default'
2022-11-25 22:00:13.521  WARN 16892 --- [    Test worker] JpaBaseConfiguration$JpaWebConfiguration : spring.jpa.open-in-view is enabled by default. Therefore, database queries may be performed during view rendering. Explicitly configure spring.jpa.open-in-view to disable this warning
2022-11-25 22:00:14.368  INFO 16892 --- [    Test worker] o.s.s.web.DefaultSecurityFilterChain     : Will secure any request with [org.springframework.security.web.session.DisableEncodeUrlFilter@291522f1, org.springframework.security.web.context.request.async.WebAsyncManagerIntegrationFilter@85eba52, org.springframework.security.web.context.SecurityContextPersistenceFilter@47ab3688, org.springframework.security.web.header.HeaderWriterFilter@3e984100, org.springframework.security.web.authentication.logout.LogoutFilter@689eab53, org.springframework.security.oauth2.client.web.OAuth2AuthorizationRequestRedirectFilter@62ba3045, org.springframework.security.oauth2.client.web.OAuth2LoginAuthenticationFilter@76ebd595, com.gachon.fishbowl.jwt.JwtFilter@1a34f8e2, org.springframework.security.web.savedrequest.RequestCacheAwareFilter@6ac0fd1d, org.springframework.security.web.servletapi.SecurityContextHolderAwareRequestFilter@744199bb, org.springframework.security.web.authentication.AnonymousAuthenticationFilter@222a7429, org.springframework.security.web.session.SessionManagementFilter@3b3b2290, org.springframework.security.web.access.ExceptionTranslationFilter@dc3eda6, org.springframework.security.web.access.intercept.FilterSecurityInterceptor@1d0fc0bc]
2022-11-25 22:00:15.233  INFO 16892 --- [    Test worker] c.g.fishbowl.FishbowlApplicationTests    : Started FishbowlApplicationTests in 8.256 seconds (JVM running for 9.927)
]]></system-out>
  <system-err><![CDATA[]]></system-err>
</testsuite>
